아　　　　밟뿏　　　　　　　희
　　　　　　딶붇
　　　　　땄퉃닶뿕
　　　　밚봆맣쀼맣밦뿛
　　딿딵뫃ＨＡＰＰＹ딺닦붒
　밤복팮　밞턑몋밭퉆　텞탆뿘
　봋핮　　　라지우　　　핥뭏
빥뫃땼밬닫맣훁　튟빸맣밗툯밡툷
뽊뮹뮿덨덭벜　　　떥뻟벛빰몋뿠
돆벚뵶ＨＡＬＬＯＷＥＥＮ탖붒멓
　뫃볼　뀂　　쎿　　뺚　퓬툺
　뽆덠떑　　삠　띇　　쁀뭏뻒
　　봎멓떭떣벘번벆멓뻢덙벓
(x: 0, y: 0, d: 1(DIR_RIGHT), 아, s: 0)0:  / 1:  / 2:  / 3:  / 4:  / 5:  / 6:  / 7:  / 8:  / 9:  / 10:  / 11:  / 12:  / 13:  / 14:  / 15:  / 16:  / 17:  / 18:  / 19:  / 20:  / 21:  / 22:  / 23:  / 24:  / 25:  / 26:  / 27:  / 
(x: 5, y: 0, d: 1(DIR_RIGHT), 밟, s: 0)0: 9 / 1:  / 2:  / 3:  / 4:  / 5:  / 6:  / 7:  / 8:  / 9:  / 10:  / 11:  / 12:  / 13:  / 14:  / 15:  / 16:  / 17:  / 18:  / 19:  / 20:  / 21:  / 22:  / 23:  / 24:  / 25:  / 26:  / 27:  / 
(x: 6, y: 0, d: 2(DIR_DOWN), 뿏, s: 0)0: 9, 9 / 1:  / 2:  / 3:  / 4:  / 5:  / 6:  / 7:  / 8:  / 9:  / 10:  / 11:  / 12:  / 13:  / 14:  / 15:  / 16:  / 17:  / 18:  / 19:  / 20:  / 21:  / 22:  / 23:  / 24:  / 25:  / 26:  / 27:  / 
(x: 6, y: 1, d: 1(DIR_RIGHT), 딶, s: 0)0: 81 / 1:  / 2:  / 3:  / 4:  / 5:  / 6:  / 7:  / 8:  / 9:  / 10:  / 11:  / 12:  / 13:  / 14:  / 15:  / 16:  / 17:  / 18:  / 19:  / 20:  / 21:  / 22:  / 23:  / 24:  / 25:  / 26:  / 27:  / 
(x: 7, y: 1, d: 2(DIR_DOWN), 붇, s: 0)0: 81, 3 / 1:  / 2:  / 3:  / 4:  / 5:  / 6:  / 7:  / 8:  / 9:  / 10:  / 11:  / 12:  / 13:  / 14:  / 15:  / 16:  / 17:  / 18:  / 19:  / 20:  / 21:  / 22:  / 23:  / 24:  / 25:  / 26:  / 27:  / 
(x: 7, y: 2, d: 1(DIR_RIGHT), 닶, s: 0)0: 84 / 1:  / 2:  / 3:  / 4:  / 5:  / 6:  / 7:  / 8:  / 9:  / 10:  / 11:  / 12:  / 13:  / 14:  / 15:  / 16:  / 17:  / 18:  / 19:  / 20:  / 21:  / 22:  / 23:  / 24:  / 25:  / 26:  / 27:  / 
(x: 8, y: 2, d: 2(DIR_DOWN), 뿕, s: 0)0: 84, 84 / 1:  / 2:  / 3:  / 4:  / 5:  / 6:  / 7:  / 8:  / 9:  / 10:  / 11:  / 12:  / 13:  / 14:  / 15:  / 16:  / 17:  / 18:  / 19:  / 20:  / 21:  / 22:  / 23:  / 24:  / 25:  / 26:  / 27:  / 
T(x: 8, y: 3, d: 1(DIR_RIGHT), 맣, s: 0)0: 84 / 1:  / 2:  / 3:  / 4:  / 5:  / 6:  / 7:  / 8:  / 9:  / 10:  / 11:  / 12:  / 13:  / 14:  / 15:  / 16:  / 17:  / 18:  / 19:  / 20:  / 21:  / 22:  / 23:  / 24:  / 25:  / 26:  / 27:  / 
(x: 9, y: 3, d: 1(DIR_RIGHT), 밦, s: 0)0: 84, 6 / 1:  / 2:  / 3:  / 4:  / 5:  / 6:  / 7:  / 8:  / 9:  / 10:  / 11:  / 12:  / 13:  / 14:  / 15:  / 16:  / 17:  / 18:  / 19:  / 20:  / 21:  / 22:  / 23:  / 24:  / 25:  / 26:  / 27:  / 
(x: 10, y: 3, d: 2(DIR_DOWN), 뿛, s: 0)0: 84, 6, 6 / 1:  / 2:  / 3:  / 4:  / 5:  / 6:  / 7:  / 8:  / 9:  / 10:  / 11:  / 12:  / 13:  / 14:  / 15:  / 16:  / 17:  / 18:  / 19:  / 20:  / 21:  / 22:  / 23:  / 24:  / 25:  / 26:  / 27:  / 
(x: 10, y: 4, d: 1(DIR_RIGHT), 딺, s: 0)0: 84, 36 / 1:  / 2:  / 3:  / 4:  / 5:  / 6:  / 7:  / 8:  / 9:  / 10:  / 11:  / 12:  / 13:  / 14:  / 15:  / 16:  / 17:  / 18:  / 19:  / 20:  / 21:  / 22:  / 23:  / 24:  / 25:  / 26:  / 27:  / 
(x: 11, y: 4, d: 1(DIR_RIGHT), 닦, s: 0)0: 120 / 1:  / 2:  / 3:  / 4:  / 5:  / 6:  / 7:  / 8:  / 9:  / 10:  / 11:  / 12:  / 13:  / 14:  / 15:  / 16:  / 17:  / 18:  / 19:  / 20:  / 21:  / 22:  / 23:  / 24:  / 25:  / 26:  / 27:  / 
(x: 12, y: 4, d: 2(DIR_DOWN), 붒, s: 0)0: 120, 6 / 1:  / 2:  / 3:  / 4:  / 5:  / 6:  / 7:  / 8:  / 9:  / 10:  / 11:  / 12:  / 13:  / 14:  / 15:  / 16:  / 17:  / 18:  / 19:  / 20:  / 21:  / 22:  / 23:  / 24:  / 25:  / 26:  / 27:  / 
(x: 12, y: 5, d: 1(DIR_RIGHT), 탆, s: 0)0: 114 / 1:  / 2:  / 3:  / 4:  / 5:  / 6:  / 7:  / 8:  / 9:  / 10:  / 11:  / 12:  / 13:  / 14:  / 15:  / 16:  / 17:  / 18:  / 19:  / 20:  / 21:  / 22:  / 23:  / 24:  / 25:  / 26:  / 27:  / 
(x: 13, y: 5, d: 2(DIR_DOWN), 뿘, s: 0)0: 114, 114 / 1:  / 2:  / 3:  / 4:  / 5:  / 6:  / 7:  / 8:  / 9:  / 10:  / 11:  / 12:  / 13:  / 14:  / 15:  / 16:  / 17:  / 18:  / 19:  / 20:  / 21:  / 22:  / 23:  / 24:  / 25:  / 26:  / 27:  / 
r(x: 13, y: 6, d: 2(DIR_DOWN), 뭏, s: 0)0: 114 / 1:  / 2:  / 3:  / 4:  / 5:  / 6:  / 7:  / 8:  / 9:  / 10:  / 11:  / 12:  / 13:  / 14:  / 15:  / 16:  / 17:  / 18:  / 19:  / 20:  / 21:  / 22:  / 23:  / 24:  / 25:  / 26:  / 27:  / 
(x: 13, y: 7, d: 1(DIR_RIGHT), 밡, s: 0)0: 114, 9 / 1:  / 2:  / 3:  / 4:  / 5:  / 6:  / 7:  / 8:  / 9:  / 10:  / 11:  / 12:  / 13:  / 14:  / 15:  / 16:  / 17:  / 18:  / 19:  / 20:  / 21:  / 22:  / 23:  / 24:  / 25:  / 26:  / 27:  / 
(x: 14, y: 7, d: 2(DIR_DOWN), 툷, s: 0)0: 105 / 1:  / 2:  / 3:  / 4:  / 5:  / 6:  / 7:  / 8:  / 9:  / 10:  / 11:  / 12:  / 13:  / 14:  / 15:  / 16:  / 17:  / 18:  / 19:  / 20:  / 21:  / 22:  / 23:  / 24:  / 25:  / 26:  / 27:  / 
(x: 14, y: 8, d: 2(DIR_DOWN), 뿠, s: 0)0: 105, 105 / 1:  / 2:  / 3:  / 4:  / 5:  / 6:  / 7:  / 8:  / 9:  / 10:  / 11:  / 12:  / 13:  / 14:  / 15:  / 16:  / 17:  / 18:  / 19:  / 20:  / 21:  / 22:  / 23:  / 24:  / 25:  / 26:  / 27:  / 
i(x: 14, y: 9, d: 3(DIR_LEFT), 멓, s: 0)0: 105 / 1:  / 2:  / 3:  / 4:  / 5:  / 6:  / 7:  / 8:  / 9:  / 10:  / 11:  / 12:  / 13:  / 14:  / 15:  / 16:  / 17:  / 18:  / 19:  / 20:  / 21:  / 22:  / 23:  / 24:  / 25:  / 26:  / 27:  / 
(x: 13, y: 9, d: 2(DIR_DOWN), 붒, s: 0)0: 105, 6 / 1:  / 2:  / 3:  / 4:  / 5:  / 6:  / 7:  / 8:  / 9:  / 10:  / 11:  / 12:  / 13:  / 14:  / 15:  / 16:  / 17:  / 18:  / 19:  / 20:  / 21:  / 22:  / 23:  / 24:  / 25:  / 26:  / 27:  / 
(x: 13, y: 10, d: 2(DIR_DOWN), 툺, s: 0)0: 99 / 1:  / 2:  / 3:  / 4:  / 5:  / 6:  / 7:  / 8:  / 9:  / 10:  / 11:  / 12:  / 13:  / 14:  / 15:  / 16:  / 17:  / 18:  / 19:  / 20:  / 21:  / 22:  / 23:  / 24:  / 25:  / 26:  / 27:  / 
(x: 13, y: 11, d: 3(DIR_LEFT), 뻒, s: 0)0: 99, 99 / 1:  / 2:  / 3:  / 4:  / 5:  / 6:  / 7:  / 8:  / 9:  / 10:  / 11:  / 12:  / 13:  / 14:  / 15:  / 16:  / 17:  / 18:  / 19:  / 20:  / 21:  / 22:  / 23:  / 24:  / 25:  / 26:  / 27:  / 
c(x: 12, y: 11, d: 2(DIR_DOWN), 뭏, s: 0)0: 99 / 1:  / 2:  / 3:  / 4:  / 5:  / 6:  / 7:  / 8:  / 9:  / 10:  / 11:  / 12:  / 13:  / 14:  / 15:  / 16:  / 17:  / 18:  / 19:  / 20:  / 21:  / 22:  / 23:  / 24:  / 25:  / 26:  / 27:  / 
(x: 12, y: 12, d: 3(DIR_LEFT), 벓, s: 0)0: 99, 8 / 1:  / 2:  / 3:  / 4:  / 5:  / 6:  / 7:  / 8:  / 9:  / 10:  / 11:  / 12:  / 13:  / 14:  / 15:  / 16:  / 17:  / 18:  / 19:  / 20:  / 21:  / 22:  / 23:  / 24:  / 25:  / 26:  / 27:  / 
(x: 11, y: 12, d: 3(DIR_LEFT), 덙, s: 0)0: 107 / 1:  / 2:  / 3:  / 4:  / 5:  / 6:  / 7:  / 8:  / 9:  / 10:  / 11:  / 12:  / 13:  / 14:  / 15:  / 16:  / 17:  / 18:  / 19:  / 20:  / 21:  / 22:  / 23:  / 24:  / 25:  / 26:  / 27:  / 
(x: 10, y: 12, d: 3(DIR_LEFT), 뻢, s: 0)0: 107, 107 / 1:  / 2:  / 3:  / 4:  / 5:  / 6:  / 7:  / 8:  / 9:  / 10:  / 11:  / 12:  / 13:  / 14:  / 15:  / 16:  / 17:  / 18:  / 19:  / 20:  / 21:  / 22:  / 23:  / 24:  / 25:  / 26:  / 27:  / 
k(x: 9, y: 12, d: 3(DIR_LEFT), 멓, s: 0)0: 107 / 1:  / 2:  / 3:  / 4:  / 5:  / 6:  / 7:  / 8:  / 9:  / 10:  / 11:  / 12:  / 13:  / 14:  / 15:  / 16:  / 17:  / 18:  / 19:  / 20:  / 21:  / 22:  / 23:  / 24:  / 25:  / 26:  / 27:  / 
(x: 8, y: 12, d: 3(DIR_LEFT), 벆, s: 0)0: 107, 4 / 1:  / 2:  / 3:  / 4:  / 5:  / 6:  / 7:  / 8:  / 9:  / 10:  / 11:  / 12:  / 13:  / 14:  / 15:  / 16:  / 17:  / 18:  / 19:  / 20:  / 21:  / 22:  / 23:  / 24:  / 25:  / 26:  / 27:  / 
(x: 7, y: 12, d: 3(DIR_LEFT), 번, s: 0)0: 107, 4, 2 / 1:  / 2:  / 3:  / 4:  / 5:  / 6:  / 7:  / 8:  / 9:  / 10:  / 11:  / 12:  / 13:  / 14:  / 15:  / 16:  / 17:  / 18:  / 19:  / 20:  / 21:  / 22:  / 23:  / 24:  / 25:  / 26:  / 27:  / 
(x: 6, y: 12, d: 3(DIR_LEFT), 벘, s: 0)0: 107, 4, 2, 4 / 1:  / 2:  / 3:  / 4:  / 5:  / 6:  / 7:  / 8:  / 9:  / 10:  / 11:  / 12:  / 13:  / 14:  / 15:  / 16:  / 17:  / 18:  / 19:  / 20:  / 21:  / 22:  / 23:  / 24:  / 25:  / 26:  / 27:  / 
(x: 5, y: 12, d: 3(DIR_LEFT), 떣, s: 0)0: 107, 4, 8 / 1:  / 2:  / 3:  / 4:  / 5:  / 6:  / 7:  / 8:  / 9:  / 10:  / 11:  / 12:  / 13:  / 14:  / 15:  / 16:  / 17:  / 18:  / 19:  / 20:  / 21:  / 22:  / 23:  / 24:  / 25:  / 26:  / 27:  / 
(x: 4, y: 12, d: 3(DIR_LEFT), 떭, s: 0)0: 107, 32 / 1:  / 2:  / 3:  / 4:  / 5:  / 6:  / 7:  / 8:  / 9:  / 10:  / 11:  / 12:  / 13:  / 14:  / 15:  / 16:  / 17:  / 18:  / 19:  / 20:  / 21:  / 22:  / 23:  / 24:  / 25:  / 26:  / 27:  / 
 (x: 3, y: 12, d: 3(DIR_LEFT), 멓, s: 0)0: 107 / 1:  / 2:  / 3:  / 4:  / 5:  / 6:  / 7:  / 8:  / 9:  / 10:  / 11:  / 12:  / 13:  / 14:  / 15:  / 16:  / 17:  / 18:  / 19:  / 20:  / 21:  / 22:  / 23:  / 24:  / 25:  / 26:  / 27:  / 
(x: 2, y: 12, d: 0(DIR_UP), 봎, s: 0)0: 107, 4 / 1:  / 2:  / 3:  / 4:  / 5:  / 6:  / 7:  / 8:  / 9:  / 10:  / 11:  / 12:  / 13:  / 14:  / 15:  / 16:  / 17:  / 18:  / 19:  / 20:  / 21:  / 22:  / 23:  / 24:  / 25:  / 26:  / 27:  / 
(x: 2, y: 11, d: 3(DIR_LEFT), 덠, s: 0)0: 111 / 1:  / 2:  / 3:  / 4:  / 5:  / 6:  / 7:  / 8:  / 9:  / 10:  / 11:  / 12:  / 13:  / 14:  / 15:  / 16:  / 17:  / 18:  / 19:  / 20:  / 21:  / 22:  / 23:  / 24:  / 25:  / 26:  / 27:  / 
(x: 1, y: 11, d: 0(DIR_UP), 뽆, s: 0)0: 111, 111 / 1:  / 2:  / 3:  / 4:  / 5:  / 6:  / 7:  / 8:  / 9:  / 10:  / 11:  / 12:  / 13:  / 14:  / 15:  / 16:  / 17:  / 18:  / 19:  / 20:  / 21:  / 22:  / 23:  / 24:  / 25:  / 26:  / 27:  / 
o(x: 1, y: 10, d: 0(DIR_UP), 뫃, s: 0)0: 111 / 1:  / 2:  / 3:  / 4:  / 5:  / 6:  / 7:  / 8:  / 9:  / 10:  / 11:  / 12:  / 13:  / 14:  / 15:  / 16:  / 17:  / 18:  / 19:  / 20:  / 21:  / 22:  / 23:  / 24:  / 25:  / 26:  / 27:  / 
(x: 1, y: 9, d: 3(DIR_LEFT), 벚, s: 0)0: 111, 3 / 1:  / 2:  / 3:  / 4:  / 5:  / 6:  / 7:  / 8:  / 9:  / 10:  / 11:  / 12:  / 13:  / 14:  / 15:  / 16:  / 17:  / 18:  / 19:  / 20:  / 21:  / 22:  / 23:  / 24:  / 25:  / 26:  / 27:  / 
(x: 0, y: 9, d: 0(DIR_UP), 돆, s: 0)0: 114 / 1:  / 2:  / 3:  / 4:  / 5:  / 6:  / 7:  / 8:  / 9:  / 10:  / 11:  / 12:  / 13:  / 14:  / 15:  / 16:  / 17:  / 18:  / 19:  / 20:  / 21:  / 22:  / 23:  / 24:  / 25:  / 26:  / 27:  / 
(x: 0, y: 8, d: 0(DIR_UP), 뽊, s: 0)0: 114, 114 / 1:  / 2:  / 3:  / 4:  / 5:  / 6:  / 7:  / 8:  / 9:  / 10:  / 11:  / 12:  / 13:  / 14:  / 15:  / 16:  / 17:  / 18:  / 19:  / 20:  / 21:  / 22:  / 23:  / 24:  / 25:  / 26:  / 27:  / 
(x: 0, y: 7, d: 1(DIR_RIGHT), 빥, s: 0)0: 114, 114, 114 / 1:  / 2:  / 3:  / 4:  / 5:  / 6:  / 7:  / 8:  / 9:  / 10:  / 11:  / 12:  / 13:  / 14:  / 15:  / 16:  / 17:  / 18:  / 19:  / 20:  / 21:  / 22:  / 23:  / 24:  / 25:  / 26:  / 27:  / 
r(x: 1, y: 7, d: 0(DIR_UP), 뫃, s: 0)0: 114, 114 / 1:  / 2:  / 3:  / 4:  / 5:  / 6:  / 7:  / 8:  / 9:  / 10:  / 11:  / 12:  / 13:  / 14:  / 15:  / 16:  / 17:  / 18:  / 19:  / 20:  / 21:  / 22:  / 23:  / 24:  / 25:  / 26:  / 27:  / 
(x: 1, y: 6, d: 0(DIR_UP), 봋, s: 0)0: 114, 114, 4 / 1:  / 2:  / 3:  / 4:  / 5:  / 6:  / 7:  / 8:  / 9:  / 10:  / 11:  / 12:  / 13:  / 14:  / 15:  / 16:  / 17:  / 18:  / 19:  / 20:  / 21:  / 22:  / 23:  / 24:  / 25:  / 26:  / 27:  / 
(x: 1, y: 5, d: 1(DIR_RIGHT), 밤, s: 0)0: 114, 114, 4, 4 / 1:  / 2:  / 3:  / 4:  / 5:  / 6:  / 7:  / 8:  / 9:  / 10:  / 11:  / 12:  / 13:  / 14:  / 15:  / 16:  / 17:  / 18:  / 19:  / 20:  / 21:  / 22:  / 23:  / 24:  / 25:  / 26:  / 27:  / 
(x: 2, y: 5, d: 0(DIR_UP), 복, s: 0)0: 114, 114, 4, 4, 2 / 1:  / 2:  / 3:  / 4:  / 5:  / 6:  / 7:  / 8:  / 9:  / 10:  / 11:  / 12:  / 13:  / 14:  / 15:  / 16:  / 17:  / 18:  / 19:  / 20:  / 21:  / 22:  / 23:  / 24:  / 25:  / 26:  / 27:  / 
(x: 2, y: 4, d: 1(DIR_RIGHT), 딿, s: 0)0: 114, 114, 4, 8 / 1:  / 2:  / 3:  / 4:  / 5:  / 6:  / 7:  / 8:  / 9:  / 10:  / 11:  / 12:  / 13:  / 14:  / 15:  / 16:  / 17:  / 18:  / 19:  / 20:  / 21:  / 22:  / 23:  / 24:  / 25:  / 26:  / 27:  / 
(x: 3, y: 4, d: 1(DIR_RIGHT), 딵, s: 0)0: 114, 114, 32 / 1:  / 2:  / 3:  / 4:  / 5:  / 6:  / 7:  / 8:  / 9:  / 10:  / 11:  / 12:  / 13:  / 14:  / 15:  / 16:  / 17:  / 18:  / 19:  / 20:  / 21:  / 22:  / 23:  / 24:  / 25:  / 26:  / 27:  / 
 (x: 4, y: 4, d: 0(DIR_UP), 뫃, s: 0)0: 114, 114 / 1:  / 2:  / 3:  / 4:  / 5:  / 6:  / 7:  / 8:  / 9:  / 10:  / 11:  / 12:  / 13:  / 14:  / 15:  / 16:  / 17:  / 18:  / 19:  / 20:  / 21:  / 22:  / 23:  / 24:  / 25:  / 26:  / 27:  / 
(x: 4, y: 3, d: 1(DIR_RIGHT), 밚, s: 0)0: 114, 114, 5 / 1:  / 2:  / 3:  / 4:  / 5:  / 6:  / 7:  / 8:  / 9:  / 10:  / 11:  / 12:  / 13:  / 14:  / 15:  / 16:  / 17:  / 18:  / 19:  / 20:  / 21:  / 22:  / 23:  / 24:  / 25:  / 26:  / 27:  / 
(x: 5, y: 3, d: 0(DIR_UP), 봆, s: 0)0: 114, 114, 5, 6 / 1:  / 2:  / 3:  / 4:  / 5:  / 6:  / 7:  / 8:  / 9:  / 10:  / 11:  / 12:  / 13:  / 14:  / 15:  / 16:  / 17:  / 18:  / 19:  / 20:  / 21:  / 22:  / 23:  / 24:  / 25:  / 26:  / 27:  / 
(x: 5, y: 2, d: 1(DIR_RIGHT), 땄, s: 0)0: 114, 114, 30 / 1:  / 2:  / 3:  / 4:  / 5:  / 6:  / 7:  / 8:  / 9:  / 10:  / 11:  / 12:  / 13:  / 14:  / 15:  / 16:  / 17:  / 18:  / 19:  / 20:  / 21:  / 22:  / 23:  / 24:  / 25:  / 26:  / 27:  / 
(x: 6, y: 2, d: 2(DIR_DOWN), 퉃, s: 0)0: 114, 84 / 1:  / 2:  / 3:  / 4:  / 5:  / 6:  / 7:  / 8:  / 9:  / 10:  / 11:  / 12:  / 13:  / 14:  / 15:  / 16:  / 17:  / 18:  / 19:  / 20:  / 21:  / 22:  / 23:  / 24:  / 25:  / 26:  / 27:  / 
T(x: 6, y: 3, d: 1(DIR_RIGHT), 맣, s: 0)0: 114 / 1:  / 2:  / 3:  / 4:  / 5:  / 6:  / 7:  / 8:  / 9:  / 10:  / 11:  / 12:  / 13:  / 14:  / 15:  / 16:  / 17:  / 18:  / 19:  / 20:  / 21:  / 22:  / 23:  / 24:  / 25:  / 26:  / 27:  / 
(x: 7, y: 3, d: 6(DIR_DDOWN), 쀼, s: 0)0: 114, 114 / 1:  / 2:  / 3:  / 4:  / 5:  / 6:  / 7:  / 8:  / 9:  / 10:  / 11:  / 12:  / 13:  / 14:  / 15:  / 16:  / 17:  / 18:  / 19:  / 20:  / 21:  / 22:  / 23:  / 24:  / 25:  / 26:  / 27:  / 
r(x: 7, y: 5, d: 7(DIR_DLEFT), 몋, s: 0)0: 114 / 1:  / 2:  / 3:  / 4:  / 5:  / 6:  / 7:  / 8:  / 9:  / 10:  / 11:  / 12:  / 13:  / 14:  / 15:  / 16:  / 17:  / 18:  / 19:  / 20:  / 21:  / 22:  / 23:  / 24:  / 25:  / 26:  / 27:  / 
(x: 5, y: 5, d: 1(DIR_RIGHT), 밞, s: 0)0: 114, 9 / 1:  / 2:  / 3:  / 4:  / 5:  / 6:  / 7:  / 8:  / 9:  / 10:  / 11:  / 12:  / 13:  / 14:  / 15:  / 16:  / 17:  / 18:  / 19:  / 20:  / 21:  / 22:  / 23:  / 24:  / 25:  / 26:  / 27:  / 
(x: 6, y: 5, d: 5(DIR_DRIGHT), 턑, s: 0)0: 105 / 1:  / 2:  / 3:  / 4:  / 5:  / 6:  / 7:  / 8:  / 9:  / 10:  / 11:  / 12:  / 13:  / 14:  / 15:  / 16:  / 17:  / 18:  / 19:  / 20:  / 21:  / 22:  / 23:  / 24:  / 25:  / 26:  / 27:  / 
(x: 8, y: 5, d: 1(DIR_RIGHT), 밭, s: 0)0: 105, 4 / 1:  / 2:  / 3:  / 4:  / 5:  / 6:  / 7:  / 8:  / 9:  / 10:  / 11:  / 12:  / 13:  / 14:  / 15:  / 16:  / 17:  / 18:  / 19:  / 20:  / 21:  / 22:  / 23:  / 24:  / 25:  / 26:  / 27:  / 
(x: 9, y: 5, d: 2(DIR_DOWN), 퉆, s: 0)0: 101 / 1:  / 2:  / 3:  / 4:  / 5:  / 6:  / 7:  / 8:  / 9:  / 10:  / 11:  / 12:  / 13:  / 14:  / 15:  / 16:  / 17:  / 18:  / 19:  / 20:  / 21:  / 22:  / 23:  / 24:  / 25:  / 26:  / 27:  / 
(x: 9, y: 7, d: 1(DIR_RIGHT), 빸, s: 0)0: 101, 101 / 1:  / 2:  / 3:  / 4:  / 5:  / 6:  / 7:  / 8:  / 9:  / 10:  / 11:  / 12:  / 13:  / 14:  / 15:  / 16:  / 17:  / 18:  / 19:  / 20:  / 21:  / 22:  / 23:  / 24:  / 25:  / 26:  / 27:  / 
e(x: 10, y: 7, d: 1(DIR_RIGHT), 맣, s: 0)0: 101 / 1:  / 2:  / 3:  / 4:  / 5:  / 6:  / 7:  / 8:  / 9:  / 10:  / 11:  / 12:  / 13:  / 14:  / 15:  / 16:  / 17:  / 18:  / 19:  / 20:  / 21:  / 22:  / 23:  / 24:  / 25:  / 26:  / 27:  / 
(x: 11, y: 7, d: 1(DIR_RIGHT), 밗, s: 0)0: 101, 4 / 1:  / 2:  / 3:  / 4:  / 5:  / 6:  / 7:  / 8:  / 9:  / 10:  / 11:  / 12:  / 13:  / 14:  / 15:  / 16:  / 17:  / 18:  / 19:  / 20:  / 21:  / 22:  / 23:  / 24:  / 25:  / 26:  / 27:  / 
(x: 12, y: 7, d: 2(DIR_DOWN), 툯, s: 0)0: 97 / 1:  / 2:  / 3:  / 4:  / 5:  / 6:  / 7:  / 8:  / 9:  / 10:  / 11:  / 12:  / 13:  / 14:  / 15:  / 16:  / 17:  / 18:  / 19:  / 20:  / 21:  / 22:  / 23:  / 24:  / 25:  / 26:  / 27:  / 
(x: 12, y: 8, d: 1(DIR_RIGHT), 빰, s: 0)0: 97, 97 / 1:  / 2:  / 3:  / 4:  / 5:  / 6:  / 7:  / 8:  / 9:  / 10:  / 11:  / 12:  / 13:  / 14:  / 15:  / 16:  / 17:  / 18:  / 19:  / 20:  / 21:  / 22:  / 23:  / 24:  / 25:  / 26:  / 27:  / 
a(x: 13, y: 8, d: 7(DIR_DLEFT), 몋, s: 0)0: 97 / 1:  / 2:  / 3:  / 4:  / 5:  / 6:  / 7:  / 8:  / 9:  / 10:  / 11:  / 12:  / 13:  / 14:  / 15:  / 16:  / 17:  / 18:  / 19:  / 20:  / 21:  / 22:  / 23:  / 24:  / 25:  / 26:  / 27:  / 
(x: 11, y: 8, d: 3(DIR_LEFT), 벛, s: 0)0: 97, 4 / 1:  / 2:  / 3:  / 4:  / 5:  / 6:  / 7:  / 8:  / 9:  / 10:  / 11:  / 12:  / 13:  / 14:  / 15:  / 16:  / 17:  / 18:  / 19:  / 20:  / 21:  / 22:  / 23:  / 24:  / 25:  / 26:  / 27:  / 
(x: 10, y: 8, d: 3(DIR_LEFT), 뻟, s: 0)0: 97, 4, 4 / 1:  / 2:  / 3:  / 4:  / 5:  / 6:  / 7:  / 8:  / 9:  / 10:  / 11:  / 12:  / 13:  / 14:  / 15:  / 16:  / 17:  / 18:  / 19:  / 20:  / 21:  / 22:  / 23:  / 24:  / 25:  / 26:  / 27:  / 
(x: 9, y: 8, d: 3(DIR_LEFT), 떥, s: 0)0: 97, 16 / 1:  / 2:  / 3:  / 4:  / 5:  / 6:  / 7:  / 8:  / 9:  / 10:  / 11:  / 12:  / 13:  / 14:  / 15:  / 16:  / 17:  / 18:  / 19:  / 20:  / 21:  / 22:  / 23:  / 24:  / 25:  / 26:  / 27:  / 
(x: 5, y: 8, d: 3(DIR_LEFT), 벜, s: 0)0: 97, 16, 3 / 1:  / 2:  / 3:  / 4:  / 5:  / 6:  / 7:  / 8:  / 9:  / 10:  / 11:  / 12:  / 13:  / 14:  / 15:  / 16:  / 17:  / 18:  / 19:  / 20:  / 21:  / 22:  / 23:  / 24:  / 25:  / 26:  / 27:  / 
(x: 4, y: 8, d: 3(DIR_LEFT), 덭, s: 0)0: 97, 19 / 1:  / 2:  / 3:  / 4:  / 5:  / 6:  / 7:  / 8:  / 9:  / 10:  / 11:  / 12:  / 13:  / 14:  / 15:  / 16:  / 17:  / 18:  / 19:  / 20:  / 21:  / 22:  / 23:  / 24:  / 25:  / 26:  / 27:  / 
(x: 3, y: 8, d: 3(DIR_LEFT), 덨, s: 0)0: 116 / 1:  / 2:  / 3:  / 4:  / 5:  / 6:  / 7:  / 8:  / 9:  / 10:  / 11:  / 12:  / 13:  / 14:  / 15:  / 16:  / 17:  / 18:  / 19:  / 20:  / 21:  / 22:  / 23:  / 24:  / 25:  / 26:  / 27:  / 
t(x: 2, y: 8, d: 6(DIR_DDOWN), 뮿, s: 0)0:  / 1:  / 2:  / 3:  / 4:  / 5:  / 6:  / 7:  / 8:  / 9:  / 10:  / 11:  / 12:  / 13:  / 14:  / 15:  / 16:  / 17:  / 18:  / 19:  / 20:  / 21:  / 22:  / 23:  / 24:  / 25:  / 26:  / 27:  / 
(x: 2, y: 10, d: 0(DIR_UP), 볼, s: 0)0: 5 / 1:  / 2:  / 3:  / 4:  / 5:  / 6:  / 7:  / 8:  / 9:  / 10:  / 11:  / 12:  / 13:  / 14:  / 15:  / 16:  / 17:  / 18:  / 19:  / 20:  / 21:  / 22:  / 23:  / 24:  / 25:  / 26:  / 27:  / 
(x: 2, y: 9, d: 4(DIR_DUP), 뵶, s: 0)0: 5, 6 / 1:  / 2:  / 3:  / 4:  / 5:  / 6:  / 7:  / 8:  / 9:  / 10:  / 11:  / 12:  / 13:  / 14:  / 15:  / 16:  / 17:  / 18:  / 19:  / 20:  / 21:  / 22:  / 23:  / 24:  / 25:  / 26:  / 27:  / 
(x: 2, y: 7, d: 5(DIR_DRIGHT), 땼, s: 0)0: 30 / 1:  / 2:  / 3:  / 4:  / 5:  / 6:  / 7:  / 8:  / 9:  / 10:  / 11:  / 12:  / 13:  / 14:  / 15:  / 16:  / 17:  / 18:  / 19:  / 20:  / 21:  / 22:  / 23:  / 24:  / 25:  / 26:  / 27:  / 
(x: 4, y: 7, d: 1(DIR_RIGHT), 닫, s: 0)0: 30 / 1:  / 2:  / 3:  / 4:  / 5:  / 6:  / 7:  / 8:  / 9:  / 10:  / 11:  / 12:  / 13:  / 14:  / 15:  / 16:  / 17:  / 18:  / 19:  / 20:  / 21:  / 22:  / 23:  / 24:  / 25:  / 26:  / 27:  / 
(x: 3, y: 7, d: 1(DIR_RIGHT), 밬, s: 0)0: 30, 3 / 1:  / 2:  / 3:  / 4:  / 5:  / 6:  / 7:  / 8:  / 9:  / 10:  / 11:  / 12:  / 13:  / 14:  / 15:  / 16:  / 17:  / 18:  / 19:  / 20:  / 21:  / 22:  / 23:  / 24:  / 25:  / 26:  / 27:  / 
(x: 4, y: 7, d: 1(DIR_RIGHT), 닫, s: 0)0: 33 / 1:  / 2:  / 3:  / 4:  / 5:  / 6:  / 7:  / 8:  / 9:  / 10:  / 11:  / 12:  / 13:  / 14:  / 15:  / 16:  / 17:  / 18:  / 19:  / 20:  / 21:  / 22:  / 23:  / 24:  / 25:  / 26:  / 27:  / 
!(x: 5, y: 7, d: 1(DIR_RIGHT), 맣, s: 0)0:  / 1:  / 2:  / 3:  / 4:  / 5:  / 6:  / 7:  / 8:  / 9:  / 10:  / 11:  / 12:  / 13:  / 14:  / 15:  / 16:  / 17:  / 18:  / 19:  / 20:  / 21:  / 22:  / 23:  / 24:  / 25:  / 26:  / 27:  / 
